start
2 NETWORK data added at 1552807200.0
Hi from main 1552807200.0
2 NETWORK data added at 1552807320.0
Hi from main 1552807320.0
2 NETWORK data added at 1552807440.0
Hi from main 1552807440.0
2 NETWORK data added at 1552807560.0
Hi from main 1552807560.0
2 NETWORK data added at 1552807680.0
Hi from main 1552807680.0
2 NETWORK data added at 1552807800.0
Hi from main 1552807800.0
2 NETWORK data added at 1552808040.0
Hi from main 1552808040.0
2 NETWORK data added at 1552808160.0
Hi from main 1552808160.0
2 NETWORK data added at 1552808280.0
Hi from main 1552808280.0
2 NETWORK data added at 1552808400.0
Hi from main 1552808400.0
2 NETWORK data added at 1552808520.0
Hi from main 1552808520.0
2 NETWORK data added at 1552808640.0
Hi from main 1552808640.0
2 NETWORK data added at 1552808760.0
Hi from main 1552808760.0
2 NETWORK data added at 1552808880.0
Hi from main 1552808880.0
2 NETWORK data added at 1552809000.0
Hi from main 1552809000.0
2 NETWORK data added at 1552809120.0
Hi from main 1552809120.0
2 NETWORK data added at 1552809240.0
Hi from main 1552809240.0
2 NETWORK data added at 1552809360.0
Hi from main 1552809360.0
2 NETWORK data added at 1552809480.0
Hi from main 1552809480.0
2 NETWORK data added at 1552809600.0
Hi from main 1552809600.0
2 NETWORK data added at 1552809720.0
Hi from main 1552809720.0
2 NETWORK data added at 1552809840.0
Hi from main 1552809840.0
2 NETWORK data added at 1552809960.0
Hi from main 1552809960.0
2 NETWORK data added at 1552810080.0
Hi from main 1552810080.0
2 NETWORK data added at 1552810200.0
Hi from main 1552810200.0
2 NETWORK data added at 1552810320.0
Hi from main 1552810320.0
2 NETWORK data added at 1552810440.0
Hi from main 1552810440.0
2 NETWORK data added at 1552810560.0
Hi from main 1552810560.0
2 NETWORK data added at 1552810680.0
Hi from main 1552810680.0
2 NETWORK data added at 1552810800.0
Hi from main 1552810800.0
2 NETWORK data added at 1552810920.0
Hi from main 1552810920.0
2 NETWORK data added at 1552811040.0
Hi from main 1552811040.0
2 NETWORK data added at 1552811160.0
Hi from main 1552811160.0
2 NETWORK data added at 1552811280.0
Hi from main 1552811280.0
2 NETWORK data added at 1552811400.0
Hi from main 1552811400.0
2 NETWORK data added at 1552811520.0
Hi from main 1552811520.0
2 NETWORK data added at 1552811640.0
Hi from main 1552811640.0
2 NETWORK data added at 1552811760.0
Hi from main 1552811760.0
2 NETWORK data added at 1552811880.0
Hi from main 1552811880.0
2 NETWORK data added at 1552812000.0
Hi from main 1552812000.0
2 NETWORK data added at 1552812120.0
Hi from main 1552812120.0
2 NETWORK data added at 1552812360.0
Hi from main 1552812360.0
2 NETWORK data added at 1552812480.0
Hi from main 1552812480.0
2 NETWORK data added at 1552812600.0
Hi from main 1552812600.0
2 NETWORK data added at 1552812720.0
Hi from main 1552812720.0
2 NETWORK data added at 1552812840.0
Hi from main 1552812840.0
2 NETWORK data added at 1552812960.0
Hi from main 1552812960.0
2 NETWORK data added at 1552813080.0
Hi from main 1552813080.0
2 NETWORK data added at 1552813200.0
Hi from main 1552813200.0
2 NETWORK data added at 1552813320.0
Hi from main 1552813320.0
2 NETWORK data added at 1552813440.0
Hi from main 1552813440.0
2 NETWORK data added at 1552813560.0
Hi from main 1552813560.0
2 NETWORK data added at 1552813680.0
Hi from main 1552813680.0
2 NETWORK data added at 1552813800.0
Hi from main 1552813800.0
2 NETWORK data added at 1552813920.0
Hi from main 1552813920.0
2 NETWORK data added at 1552814040.0
Hi from main 1552814040.0
2 NETWORK data added at 1552814160.0
Hi from main 1552814160.0
2 NETWORK data added at 1552814280.0
Hi from main 1552814280.0
2 NETWORK data added at 1552814400.0
Hi from main 1552814400.0
2 NETWORK data added at 1552814520.0
Hi from main 1552814520.0
2 NETWORK data added at 1552814640.0
Hi from main 1552814640.0
2 NETWORK data added at 1552814760.0
Hi from main 1552814760.0
2 NETWORK data added at 1552814880.0
Hi from main 1552814880.0
2 NETWORK data added at 1552815000.0
Hi from main 1552815000.0
2 NETWORK data added at 1552815120.0
Hi from main 1552815120.0
2 NETWORK data added at 1552815240.0
Hi from main 1552815240.0
2 NETWORK data added at 1552815360.0
Hi from main 1552815360.0
2 NETWORK data added at 1552815480.0
Hi from main 1552815480.0
2 NETWORK data added at 1552815600.0
Hi from main 1552815600.0
2 NETWORK data added at 1552815720.0
Hi from main 1552815720.0
2 NETWORK data added at 1552815840.0
Hi from main 1552815840.0
2 NETWORK data added at 1552815960.0
Hi from main 1552815960.0
2 NETWORK data added at 1552816080.0
Hi from main 1552816080.0
2 NETWORK data added at 1552816320.0
Hi from main 1552816320.0
2 NETWORK data added at 1552816440.0
Hi from main 1552816440.0
2 NETWORK data added at 1552816560.0
Hi from main 1552816560.0
2 NETWORK data added at 1552816680.0
Hi from main 1552816680.0
2 NETWORK data added at 1552816800.0
Hi from main 1552816800.0
2 NETWORK data added at 1552816920.0
Hi from main 1552816920.0
2 NETWORK data added at 1552817040.0
Hi from main 1552817040.0
2 NETWORK data added at 1552817160.0
Hi from main 1552817160.0
2 NETWORK data added at 1552817280.0
Hi from main 1552817280.0
2 NETWORK data added at 1552817400.0
Hi from main 1552817400.0
2 NETWORK data added at 1552817520.0
Hi from main 1552817520.0
2 NETWORK data added at 1552817640.0
Hi from main 1552817640.0
2 NETWORK data added at 1552817760.0
Hi from main 1552817760.0
2 NETWORK data added at 1552817880.0
Hi from main 1552817880.0
2 NETWORK data added at 1552818000.0
Hi from main 1552818000.0
2 NETWORK data added at 1552818120.0
Hi from main 1552818120.0
2 NETWORK data added at 1552818240.0
Hi from main 1552818240.0
2 NETWORK data added at 1552818360.0
Hi from main 1552818360.0
2 NETWORK data added at 1552818480.0
Hi from main 1552818480.0
2 NETWORK data added at 1552818600.0
Hi from main 1552818600.0
2 NETWORK data added at 1552818720.0
Hi from main 1552818720.0
2 NETWORK data added at 1552818840.0
Hi from main 1552818840.0
2 NETWORK data added at 1552818960.0
Hi from main 1552818960.0
2 NETWORK data added at 1552819080.0
Hi from main 1552819080.0
2 NETWORK data added at 1552819200.0
Hi from main 1552819200.0
2 NETWORK data added at 1552819320.0
Hi from main 1552819320.0
2 NETWORK data added at 1552819440.0
Hi from main 1552819440.0
2 NETWORK data added at 1552819560.0
Hi from main 1552819560.0
2 NETWORK data added at 1552819680.0
Hi from main 1552819680.0
2 NETWORK data added at 1552819800.0
Hi from main 1552819800.0
2 NETWORK data added at 1552820040.0
Hi from main 1552820040.0
2 NETWORK data added at 1552820160.0
Hi from main 1552820160.0
2 NETWORK data added at 1552820280.0
Hi from main 1552820280.0
2 NETWORK data added at 1552820400.0
Hi from main 1552820400.0
2 NETWORK data added at 1552820520.0
Hi from main 1552820520.0
2 NETWORK data added at 1552820640.0
Hi from main 1552820640.0
2 NETWORK data added at 1552820760.0
Hi from main 1552820760.0
2 NETWORK data added at 1552820880.0
Hi from main 1552820880.0
2 NETWORK data added at 1552821000.0
Hi from main 1552821000.0
2 NETWORK data added at 1552821120.0
Hi from main 1552821120.0
2 NETWORK data added at 1552821240.0
Hi from main 1552821240.0
2 NETWORK data added at 1552821360.0
Hi from main 1552821360.0
2 NETWORK data added at 1552821480.0
Hi from main 1552821480.0
2 NETWORK data added at 1552821600.0
Hi from main 1552821600.0
2 NETWORK data added at 1552821720.0
Hi from main 1552821720.0
2 NETWORK data added at 1552821840.0
Hi from main 1552821840.0
2 NETWORK data added at 1552821960.0
Hi from main 1552821960.0
2 NETWORK data added at 1552822080.0
Hi from main 1552822080.0
2 NETWORK data added at 1552822200.0
Hi from main 1552822200.0
2 NETWORK data added at 1552822320.0
Hi from main 1552822320.0
2 NETWORK data added at 1552822440.0
Hi from main 1552822440.0
2 NETWORK data added at 1552822560.0
Hi from main 1552822560.0
2 NETWORK data added at 1552822680.0
Hi from main 1552822680.0
2 NETWORK data added at 1552822800.0
Hi from main 1552822800.0
2 NETWORK data added at 1552822920.0
Hi from main 1552822920.0
2 NETWORK data added at 1552823040.0
Hi from main 1552823040.0
2 NETWORK data added at 1552823160.0
Hi from main 1552823160.0start
2 NETWORK data added at 1552841400.0
Hi from main 1552841400.0
Traceback (most recent call last):
  File "occupancy_time.py", line 110, in <module>
    c.execute('''INSERT into occupancy_ap VALUES(?,?,?,?,?)''',(int(row[1]),str(row[2]),str(row[3]),str(row[4]),str(row[5]),int(row[6])))
sqlite3.OperationalError: table occupancy_ap has 6 columns but 5 values were supplied
